<?xml version="1.0" encoding="UTF-8"?>
<!-- Generated by org.testng.reporters.JUnitReportReporter -->
<testsuite hostname="Manishs-MacBook-Pro.local" name="com.disney.testscript.Loginwithpagefactory" tests="1" failures="0" timestamp="17 Jul 2016 23:21:20 GMT" time="14.693" errors="0">
  <testcase name="login" time="14.693" classname="com.disney.testscript.Loginwithpagefactory"/>
</testsuite> <!-- com.disney.testscript.Loginwithpagefactory -->
