<?xml version="1.0" encoding="UTF-8"?>
<!-- Generated by org.testng.reporters.JUnitReportReporter -->
<testsuite hostname="Manishs-MacBook-Pro.local" name="com.disney.testscript.Loginscript" tests="1" failures="0" timestamp="17 Jul 2016 16:24:52 GMT" time="9.440" errors="0">
  <testcase name="login" time="9.440" classname="com.disney.testscript.Loginscript"/>
</testsuite> <!-- com.disney.testscript.Loginscript -->
