<?xml version="1.0" encoding="UTF-8"?>
<!-- Generated by org.testng.reporters.JUnitReportReporter -->
<testsuite hostname="Manishs-MacBook-Pro.local" name="com.disney.testscript.BuyingdomainAndCheckout" tests="1" failures="0" timestamp="25 Jul 2016 01:17:23 GMT" time="21.071" errors="0">
  <testcase name="Search" time="21.071" classname="com.disney.testscript.BuyingdomainAndCheckout"/>
</testsuite> <!-- com.disney.testscript.BuyingdomainAndCheckout -->
